<?xml version="1.0" encoding="UTF-8"?>
<!-- Generated by org.testng.reporters.JUnitReportReporter -->
<testsuite hostname="OMIT133" failures="0" tests="1" name="mallsrc.Onclick_link" time="0.182" errors="0" timestamp="19 Jun 2018 09:50:11 GMT">
  <testcase classname="mallsrc.Onclick_link" name="getbrokenLinks" time="0.182"/>
</testsuite> <!-- mallsrc.Onclick_link -->
